2024-01-25 10:54:16.495 +06:00 [FTL] Host Terminated Unexpectedly
System.ArgumentException: 'AddDbContext' was called with configuration, but the context type 'ApplicationDbContext' only declares a parameterless constructor. This means that the configuration passed to 'AddDbContext' will never be used. If configuration is passed to 'AddDbContext', then 'ApplicationDbContext' should declare a constructor that accepts a DbContextOptions<ApplicationDbContext> and must pass it to the base constructor for DbContext.
   at Microsoft.Extensions.DependencyInjection.EntityFrameworkServiceCollectionExtensions.CheckContextConstructors[TContext]()
   at Microsoft.Extensions.DependencyInjection.EntityFrameworkServiceCollectionExtensions.AddDbContext[TContextService,TContextImplementation](IServiceCollection serviceCollection, Action`2 optionsAction, ServiceLifetime contextLifetime, ServiceLifetime optionsLifetime)
   at Microsoft.Extensions.DependencyInjection.EntityFrameworkServiceCollectionExtensions.AddDbContext[TContextService,TContextImplementation](IServiceCollection serviceCollection, Action`1 optionsAction, ServiceLifetime contextLifetime, ServiceLifetime optionsLifetime)
   at Microsoft.Extensions.DependencyInjection.EntityFrameworkServiceCollectionExtensions.AddDbContext[TContext](IServiceCollection serviceCollection, Action`1 optionsAction, ServiceLifetime contextLifetime, ServiceLifetime optionsLifetime)
   at Program.<Main>$(String[] args) in D:\IdentityForge.Net\IdentityAuth\IdentityAuth\Program.cs:line 40

2024-01-25 10:55:03.759 +06:00 [FTL] Host Terminated Unexpectedly
System.ArgumentException: 'AddDbContext' was called with configuration, but the context type 'ApplicationDbContext' only 
declares a parameterless constructor. This means that the configuration passed to 'AddDbContext' will never be used. 
If configuration is passed to 'AddDbContext', then 'ApplicationDbContext' should declare a constructor that accepts a
DbContextOptions<ApplicationDbContext> and must pass it to the base constructor for DbContext.

   at Microsoft.Extensions.DependencyInjection.EntityFrameworkServiceCollectionExtensions.CheckContextConstructors[TContext]()
   at Microsoft.Extensions.DependencyInjection.EntityFrameworkServiceCollectionExtensions.AddDbContext[TContextService,TContextImplementation](IServiceCollection serviceCollection, Action`2 optionsAction, ServiceLifetime contextLifetime, ServiceLifetime optionsLifetime)
   at Microsoft.Extensions.DependencyInjection.EntityFrameworkServiceCollectionExtensions.AddDbContext[TContextService,TContextImplementation](IServiceCollection serviceCollection, Action`1 optionsAction, ServiceLifetime contextLifetime, ServiceLifetime optionsLifetime)
   at Microsoft.Extensions.DependencyInjection.EntityFrameworkServiceCollectionExtensions.AddDbContext[TContext](IServiceCollection serviceCollection, Action`1 optionsAction, ServiceLifetime contextLifetime, ServiceLifetime optionsLifetime)
   at Program.<Main>$(String[] args) in D:\IdentityForge.Net\IdentityAuth\IdentityAuth\Program.cs:line 40
2024-01-25 10:55:43.862 +06:00 [FTL] Host Terminated Unexpectedly
System.ArgumentException: 'AddDbContext' was called with configuration, but the context type 'ApplicationDbContext' only declares a parameterless constructor. This means that the configuration passed to 'AddDbContext' will never be used. If configuration is passed to 'AddDbContext', then 'ApplicationDbContext' should declare a constructor that accepts a DbContextOptions<ApplicationDbContext> and must pass it to the base constructor for DbContext.
   at Microsoft.Extensions.DependencyInjection.EntityFrameworkServiceCollectionExtensions.CheckContextConstructors[TContext]()
   at Microsoft.Extensions.DependencyInjection.EntityFrameworkServiceCollectionExtensions.AddDbContext[TContextService,TContextImplementation](IServiceCollection serviceCollection, Action`2 optionsAction, ServiceLifetime contextLifetime, ServiceLifetime optionsLifetime)
   at Microsoft.Extensions.DependencyInjection.EntityFrameworkServiceCollectionExtensions.AddDbContext[TContextService,TContextImplementation](IServiceCollection serviceCollection, Action`1 optionsAction, ServiceLifetime contextLifetime, ServiceLifetime optionsLifetime)
   at Microsoft.Extensions.DependencyInjection.EntityFrameworkServiceCollectionExtensions.AddDbContext[TContext](IServiceCollection serviceCollection, Action`1 optionsAction, ServiceLifetime contextLifetime, ServiceLifetime optionsLifetime)
   at Program.<Main>$(String[] args) in D:\IdentityForge.Net\IdentityAuth\IdentityAuth\Program.cs:line 40
2024-01-25 10:56:46.900 +06:00 [FTL] Host Terminated Unexpectedly
System.ArgumentException: 'AddDbContext' was called with configuration, but the context type 'ApplicationDbContext' only declares a parameterless constructor. This means that the configuration passed to 'AddDbContext' will never be used. If configuration is passed to 'AddDbContext', then 'ApplicationDbContext' should declare a constructor that accepts a DbContextOptions<ApplicationDbContext> and must pass it to the base constructor for DbContext.
   at Microsoft.Extensions.DependencyInjection.EntityFrameworkServiceCollectionExtensions.CheckContextConstructors[TContext]()
   at Microsoft.Extensions.DependencyInjection.EntityFrameworkServiceCollectionExtensions.AddDbContext[TContextService,TContextImplementation](IServiceCollection serviceCollection, Action`2 optionsAction, ServiceLifetime contextLifetime, ServiceLifetime optionsLifetime)
   at Microsoft.Extensions.DependencyInjection.EntityFrameworkServiceCollectionExtensions.AddDbContext[TContextService,TContextImplementation](IServiceCollection serviceCollection, Action`1 optionsAction, ServiceLifetime contextLifetime, ServiceLifetime optionsLifetime)
   at Microsoft.Extensions.DependencyInjection.EntityFrameworkServiceCollectionExtensions.AddDbContext[TContext](IServiceCollection serviceCollection, Action`1 optionsAction, ServiceLifetime contextLifetime, ServiceLifetime optionsLifetime)
   at Program.<Main>$(String[] args) in D:\IdentityForge.Net\IdentityAuth\IdentityAuth\Program.cs:line 40
2024-01-25 11:05:49.899 +06:00 [FTL] Host Terminated Unexpectedly
System.DivideByZeroException: Attempted to divide by zero.
   at Program.<Main>$(String[] args) in D:\IdentityForge.Net\IdentityAuth\IdentityAuth\Program.cs:line 63
2024-01-25 11:07:00.302 +06:00 [FTL] Host Terminated Unexpectedly
System.ArgumentException: 'AddDbContext' was called with configuration, but the context type 'ApplicationDbContext' only declares a parameterless constructor. This means that the configuration passed to 'AddDbContext' will never be used. If configuration is passed to 'AddDbContext', then 'ApplicationDbContext' should declare a constructor that accepts a DbContextOptions<ApplicationDbContext> and must pass it to the base constructor for DbContext.
   at Microsoft.Extensions.DependencyInjection.EntityFrameworkServiceCollectionExtensions.CheckContextConstructors[TContext]()
   at Microsoft.Extensions.DependencyInjection.EntityFrameworkServiceCollectionExtensions.AddDbContext[TContextService,TContextImplementation](IServiceCollection serviceCollection, Action`2 optionsAction, ServiceLifetime contextLifetime, ServiceLifetime optionsLifetime)
   at Microsoft.Extensions.DependencyInjection.EntityFrameworkServiceCollectionExtensions.AddDbContext[TContextService,TContextImplementation](IServiceCollection serviceCollection, Action`1 optionsAction, ServiceLifetime contextLifetime, ServiceLifetime optionsLifetime)
   at Microsoft.Extensions.DependencyInjection.EntityFrameworkServiceCollectionExtensions.AddDbContext[TContext](IServiceCollection serviceCollection, Action`1 optionsAction, ServiceLifetime contextLifetime, ServiceLifetime optionsLifetime)
   at Program.<Main>$(String[] args) in D:\IdentityForge.Net\IdentityAuth\IdentityAuth\Program.cs:line 40
2024-01-25 11:08:44.724 +06:00 [FTL] Host Terminated Unexpectedly
System.ArgumentException: 'AddDbContext' was called with configuration, but the context type 'ApplicationDbContext' only declares a parameterless constructor. This means that the configuration passed to 'AddDbContext' will never be used. If configuration is passed to 'AddDbContext', then 'ApplicationDbContext' should declare a constructor that accepts a DbContextOptions<ApplicationDbContext> and must pass it to the base constructor for DbContext.
   at Microsoft.Extensions.DependencyInjection.EntityFrameworkServiceCollectionExtensions.CheckContextConstructors[TContext]()
   at Microsoft.Extensions.DependencyInjection.EntityFrameworkServiceCollectionExtensions.AddDbContext[TContextService,TContextImplementation](IServiceCollection serviceCollection, Action`2 optionsAction, ServiceLifetime contextLifetime, ServiceLifetime optionsLifetime)
   at Microsoft.Extensions.DependencyInjection.EntityFrameworkServiceCollectionExtensions.AddDbContext[TContextService,TContextImplementation](IServiceCollection serviceCollection, Action`1 optionsAction, ServiceLifetime contextLifetime, ServiceLifetime optionsLifetime)
   at Microsoft.Extensions.DependencyInjection.EntityFrameworkServiceCollectionExtensions.AddDbContext[TContext](IServiceCollection serviceCollection, Action`1 optionsAction, ServiceLifetime contextLifetime, ServiceLifetime optionsLifetime)
   at Program.<Main>$(String[] args) in D:\IdentityForge.Net\IdentityAuth\IdentityAuth\Program.cs:line 40
2024-01-25 11:09:57.622 +06:00 [FTL] Host Terminated Unexpectedly
System.ArgumentException: 'AddDbContext' was called with configuration, but the context type 'ApplicationDbContext' only declares a parameterless constructor. This means that the configuration passed to 'AddDbContext' will never be used. If configuration is passed to 'AddDbContext', then 'ApplicationDbContext' should declare a constructor that accepts a DbContextOptions<ApplicationDbContext> and must pass it to the base constructor for DbContext.
   at Microsoft.Extensions.DependencyInjection.EntityFrameworkServiceCollectionExtensions.CheckContextConstructors[TContext]()
   at Microsoft.Extensions.DependencyInjection.EntityFrameworkServiceCollectionExtensions.AddDbContext[TContextService,TContextImplementation](IServiceCollection serviceCollection, Action`2 optionsAction, ServiceLifetime contextLifetime, ServiceLifetime optionsLifetime)
   at Microsoft.Extensions.DependencyInjection.EntityFrameworkServiceCollectionExtensions.AddDbContext[TContextService,TContextImplementation](IServiceCollection serviceCollection, Action`1 optionsAction, ServiceLifetime contextLifetime, ServiceLifetime optionsLifetime)
   at Microsoft.Extensions.DependencyInjection.EntityFrameworkServiceCollectionExtensions.AddDbContext[TContext](IServiceCollection serviceCollection, Action`1 optionsAction, ServiceLifetime contextLifetime, ServiceLifetime optionsLifetime)
   at Program.<Main>$(String[] args) in D:\IdentityForge.Net\IdentityAuth\IdentityAuth\Program.cs:line 41
2024-01-25 11:11:18.674 +06:00 [FTL] Host Terminated Unexpectedly
System.ArgumentException: 'AddDbContext' was called with configuration, but the context type 'ApplicationDbContext' only declares a parameterless constructor. This means that the configuration passed to 'AddDbContext' will never be used. If configuration is passed to 'AddDbContext', then 'ApplicationDbContext' should declare a constructor that accepts a DbContextOptions<ApplicationDbContext> and must pass it to the base constructor for DbContext.
   at Microsoft.Extensions.DependencyInjection.EntityFrameworkServiceCollectionExtensions.CheckContextConstructors[TContext]()
   at Microsoft.Extensions.DependencyInjection.EntityFrameworkServiceCollectionExtensions.AddDbContext[TContextService,TContextImplementation](IServiceCollection serviceCollection, Action`2 optionsAction, ServiceLifetime contextLifetime, ServiceLifetime optionsLifetime)
   at Microsoft.Extensions.DependencyInjection.EntityFrameworkServiceCollectionExtensions.AddDbContext[TContextService,TContextImplementation](IServiceCollection serviceCollection, Action`1 optionsAction, ServiceLifetime contextLifetime, ServiceLifetime optionsLifetime)
   at Microsoft.Extensions.DependencyInjection.EntityFrameworkServiceCollectionExtensions.AddDbContext[TContext](IServiceCollection serviceCollection, Action`1 optionsAction, ServiceLifetime contextLifetime, ServiceLifetime optionsLifetime)
   at Program.<Main>$(String[] args) in D:\IdentityForge.Net\IdentityAuth\IdentityAuth\Program.cs:line 41
2024-01-25 11:11:40.205 +06:00 [FTL] Host Terminated Unexpectedly
System.Exception: Exception of type 'System.Exception' was thrown.
   at Program.<Main>$(String[] args) in D:\IdentityForge.Net\IdentityAuth\IdentityAuth\Program.cs:line 63
2024-01-25 11:13:31.174 +06:00 [FTL] Host Terminated Unexpectedly
System.ArgumentException: 'AddDbContext' was called with configuration, but the context type 'ApplicationDbContext'
only declares a parameterless constructor. This means that the configuration passed to 'AddDbContext' will never be used. 
If configuration is passed to 'AddDbContext', then 'ApplicationDbContext' should declare a constructor that accepts 
a DbContextOptions<ApplicationDbContext> and must pass it to the base constructor for DbContext.

   at Microsoft.Extensions.DependencyInjection.EntityFrameworkServiceCollectionExtensions.CheckContextConstructors[TContext]()
   at Microsoft.Extensions.DependencyInjection.EntityFrameworkServiceCollectionExtensions.AddDbContext[TContextService,TContextImplementation](IServiceCollection serviceCollection, Action`2 optionsAction, ServiceLifetime contextLifetime, ServiceLifetime optionsLifetime)
   at Microsoft.Extensions.DependencyInjection.EntityFrameworkServiceCollectionExtensions.AddDbContext[TContextService,TContextImplementation](IServiceCollection serviceCollection, Action`1 optionsAction, ServiceLifetime contextLifetime, ServiceLifetime optionsLifetime)
   at Microsoft.Extensions.DependencyInjection.EntityFrameworkServiceCollectionExtensions.AddDbContext[TContext](IServiceCollection serviceCollection, Action`1 optionsAction, ServiceLifetime contextLifetime, ServiceLifetime optionsLifetime)
   at Program.<Main>$(String[] args) in D:\IdentityForge.Net\IdentityAuth\IdentityAuth\Program.cs:line 41
2024-01-25 11:21:16.457 +06:00 [FTL] Host Terminated Unexpectedly
Microsoft.Extensions.Hosting.HostAbortedException: The host was aborted.
   at Microsoft.Extensions.Hosting.HostFactoryResolver.HostingListener.ThrowHostAborted()
   at Microsoft.Extensions.Hosting.HostFactoryResolver.HostingListener.OnNext(KeyValuePair`2 value)
   at System.Diagnostics.DiagnosticListener.Write(String name, Object value)
   at Microsoft.Extensions.Hosting.HostBuilder.ResolveHost(IServiceProvider serviceProvider, DiagnosticListener diagnosticListener)
   at Microsoft.Extensions.Hosting.HostApplicationBuilder.Build()
   at Microsoft.AspNetCore.Builder.WebApplicationBuilder.Build()
   at Program.<Main>$(String[] args) in D:\IdentityForge.Net\IdentityAuth\IdentityAuth\Program.cs:line 49
2024-01-25 11:21:46.567 +06:00 [FTL] Host Terminated Unexpectedly
Microsoft.Extensions.Hosting.HostAbortedException: The host was aborted.
   at Microsoft.Extensions.Hosting.HostFactoryResolver.HostingListener.ThrowHostAborted()
   at Microsoft.Extensions.Hosting.HostFactoryResolver.HostingListener.OnNext(KeyValuePair`2 value)
   at System.Diagnostics.DiagnosticListener.Write(String name, Object value)
   at Microsoft.Extensions.Hosting.HostBuilder.ResolveHost(IServiceProvider serviceProvider, DiagnosticListener diagnosticListener)
   at Microsoft.Extensions.Hosting.HostApplicationBuilder.Build()
   at Microsoft.AspNetCore.Builder.WebApplicationBuilder.Build()
   at Program.<Main>$(String[] args) in D:\IdentityForge.Net\IdentityAuth\IdentityAuth\Program.cs:line 49
2024-01-25 11:28:13.015 +06:00 [FTL] Host Terminated Unexpectedly
Microsoft.Extensions.Hosting.HostAbortedException: The host was aborted.
   at Microsoft.Extensions.Hosting.HostFactoryResolver.HostingListener.ThrowHostAborted()
   at Microsoft.Extensions.Hosting.HostFactoryResolver.HostingListener.OnNext(KeyValuePair`2 value)
   at System.Diagnostics.DiagnosticListener.Write(String name, Object value)
   at Microsoft.Extensions.Hosting.HostBuilder.ResolveHost(IServiceProvider serviceProvider, DiagnosticListener diagnosticListener)
   at Microsoft.Extensions.Hosting.HostApplicationBuilder.Build()
   at Microsoft.AspNetCore.Builder.WebApplicationBuilder.Build()
   at Program.<Main>$(String[] args) in D:\IdentityForge.Net\IdentityAuth\IdentityAuth\Program.cs:line 49
2024-01-25 12:05:52.764 +06:00 [ERR] An unhandled exception has occurred while executing the request.
Swashbuckle.AspNetCore.SwaggerGen.SwaggerGeneratorException: Ambiguous HTTP method for action - IdentityAuth.Controllers.AccountController.Index (IdentityAuth). Actions require an explicit HttpMethod binding for Swagger/OpenAPI 3.0
   at Swashbuckle.AspNetCore.SwaggerGen.SwaggerGenerator.GenerateOperations(IEnumerable`1 apiDescriptions, SchemaRepository schemaRepository)
   at Swashbuckle.AspNetCore.SwaggerGen.SwaggerGenerator.GeneratePaths(IEnumerable`1 apiDescriptions, SchemaRepository schemaRepository)
   at Swashbuckle.AspNetCore.SwaggerGen.SwaggerGenerator.GetSwaggerDocumentWithoutFilters(String documentName, String host, String basePath)
   at Swashbuckle.AspNetCore.SwaggerGen.SwaggerGenerator.GetSwaggerAsync(String documentName, String host, String basePath)
   at Swashbuckle.AspNetCore.Swagger.SwaggerMiddleware.Invoke(HttpContext httpContext, ISwaggerProvider swaggerProvider)
   at Microsoft.AspNetCore.Authentication.AuthenticationMiddleware.Invoke(HttpContext context)
   at Microsoft.AspNetCore.Diagnostics.DeveloperExceptionPageMiddlewareImpl.Invoke(HttpContext context)
